
synthesis -f "counter_impl1_lattice.synproj"
synthesis:  version Diamond (64-bit) 3.13.0.56.2

Copyright (c) 1991-1994 by NeoCAD Inc. All rights reserved.
Copyright (c) 1995 AT&T Corp.   All rights reserved.
Copyright (c) 1995-2001 Lucent Technologies Inc.  All rights reserved.
Copyright (c) 2001 Agere Systems   All rights reserved.
Copyright (c) 2002-2023 Lattice Semiconductor Corporation,  All rights reserved.
Tue Jan 14 12:15:42 2025


Command Line:  synthesis -f counter_impl1_lattice.synproj -gui -msgset C:/Facultate anul 3/Proiect electronica digitala/semafor_variantaB/semafor/promote.xml 

    <postMsg mid="35002000" type="Info"    dynamic="0" navigation="0"  />
Synthesis options:
The -a option is MachXO3LF.
The -s option is 6.
The -t option is CABGA256.
The -d option is LCMXO3LF-6900C.
Using package CABGA256.
Using performance grade 6.
                                                          

##########################################################

### Lattice Family : MachXO3LF

### Device  : LCMXO3LF-6900C

### Package : CABGA256

### Speed   : 6

##########################################################

                                                          

    <postMsg mid="35001781" type="Info"    dynamic="0" navigation="0"  />
Optimization goal = Balanced
Top-level module name = counter.
Target frequency = 200.000000 MHz.
Maximum fanout = 1000.
Timing path count = 3
BRAM utilization = 100.000000 %
DSP usage = true
DSP utilization = 100.000000 %
fsm_encoding_style = auto
resolve_mixed_drivers = 0
fix_gated_clocks = 1

Mux style = Auto
Use Carry Chain = true
carry_chain_length = 0
Loop Limit = 1950.
Use IO Insertion = TRUE
Use IO Reg = AUTO

Resource Sharing = TRUE
Propagate Constants = TRUE
Remove Duplicate Registers = TRUE
force_gsr = auto
ROM style = auto
RAM style = auto
The -comp option is FALSE.
The -syn option is FALSE.
-p C:/Facultate anul 3/Proiect electronica digitala/semafor_variantaB/semafor (searchpath added)
-p C:/lscc/diamond/3.13/ispfpga/xo3c00f/data (searchpath added)
-p C:/Facultate anul 3/Proiect electronica digitala/semafor_variantaB/semafor/impl1 (searchpath added)
-p C:/Facultate anul 3/Proiect electronica digitala/semafor_variantaB/semafor (searchpath added)
Verilog design file = C:/Facultate anul 3/Proiect electronica digitala/semafor_variantaB/semafor/clk_gen.v
Verilog design file = C:/Facultate anul 3/Proiect electronica digitala/semafor_variantaB/semafor/counter.v
NGD file = counter_impl1.ngd
-sdc option: SDC file input not used.
-lpf option: Output file option is ON.
Hardtimer checking is enabled (default). The -dt option is not used.
The -r option is OFF. [ Remove LOC Properties is OFF. ]
Technology check ok...

Analyzing Verilog file C:/lscc/diamond/3.13/ispfpga/userware/NT/SYNTHESIS_HEADERS/machxo3l.v. VERI-1482
Compile design.
Compile Design Begin
Analyzing Verilog file c:/facultate anul 3/proiect electronica digitala/semafor_variantab/semafor/clk_gen.v. VERI-1482
Analyzing Verilog file c:/facultate anul 3/proiect electronica digitala/semafor_variantab/semafor/counter.v. VERI-1482
Analyzing Verilog file C:/lscc/diamond/3.13/ispfpga/userware/NT/SYNTHESIS_HEADERS/machxo3l.v. VERI-1482
Top module name (Verilog): counter
    <postMsg mid="35901018" type="Info"    dynamic="2" navigation="2" arg0="c:/facultate anul 3/proiect electronica digitala/semafor_variantab/semafor/counter.v(1): " arg1="counter" arg2="c:/facultate anul 3/proiect electronica digitala/semafor_variantab/semafor/counter.v" arg3="1"  />
    <postMsg mid="35901018" type="Info"    dynamic="2" navigation="2" arg0="c:/facultate anul 3/proiect electronica digitala/semafor_variantab/semafor/counter.v(117): " arg1="clock_divider" arg2="c:/facultate anul 3/proiect electronica digitala/semafor_variantab/semafor/counter.v" arg3="117"  />
    <postMsg mid="35901209" type="Warning" dynamic="3" navigation="2" arg0="c:/facultate anul 3/proiect electronica digitala/semafor_variantab/semafor/counter.v(60): " arg1="32" arg2="24" arg3="c:/facultate anul 3/proiect electronica digitala/semafor_variantab/semafor/counter.v" arg4="60"  />
Last elaborated design is counter()
Loading NGL library 'C:/lscc/diamond/3.13/ispfpga/xo2c00a/data/xo2alib.ngl'...
Loading NGL library 'C:/lscc/diamond/3.13/ispfpga/xo2c00/data/xo2clib.ngl'...
Loading NGL library 'C:/lscc/diamond/3.13/ispfpga/mg5g00/data/mg5glib.ngl'...
Loading NGL library 'C:/lscc/diamond/3.13/ispfpga/or5g00/data/orc5glib.ngl'...
Loading device for application map from file 'xo3c6900.nph' in environment: C:/lscc/diamond/3.13/ispfpga.
Package Status:                     Final          Version 1.17.
Top-level module name = counter.
    <postMsg mid="35935013" type="Warning" dynamic="2" navigation="2" arg0="c:/facultate anul 3/proiect electronica digitala/semafor_variantab/semafor/counter.v(108): " arg1="pulse_46" arg2="c:/facultate anul 3/proiect electronica digitala/semafor_variantab/semafor/counter.v" arg3="108"  />
    <postMsg mid="35001774" type="Info"    dynamic="2" navigation="0" arg0="semafor_state" arg1="gray"  />
original encoding -> new encoding (gray encoding)

 00 -> 00

 01 -> 01

 10 -> 11




    <postMsg mid="35935014" type="Warning" dynamic="2" navigation="2" arg0="c:/facultate anul 3/proiect electronica digitala/semafor_variantab/semafor/counter.v(108): " arg1="led_in_i0_i6" arg2="c:/facultate anul 3/proiect electronica digitala/semafor_variantab/semafor/counter.v" arg3="108"  />
GSR instance connected to net rst_c.
Duplicate register/latch removal. led_in_i0_i7 is a one-to-one match with led_in_i0_i3.
Applying 200.000000 MHz constraint to all clocks

    <postMsg mid="35001611" type="Warning" dynamic="0" navigation="0"  />
Results of NGD DRC are available in counter_drc.log.
Loading NGL library 'C:/lscc/diamond/3.13/ispfpga/xo2c00a/data/xo2alib.ngl'...
Loading NGL library 'C:/lscc/diamond/3.13/ispfpga/xo2c00/data/xo2clib.ngl'...
Loading NGL library 'C:/lscc/diamond/3.13/ispfpga/mg5g00/data/mg5glib.ngl'...
Loading NGL library 'C:/lscc/diamond/3.13/ispfpga/or5g00/data/orc5glib.ngl'...


Running DRC...

DRC complete with no errors or warnings

Design Results:
    194 blocks expanded
completed the first expansion
All blocks are expanded and NGD expansion is successful.
Writing NGD file counter_impl1.ngd.

################### Begin Area Report (counter)######################
Number of register bits => 67 of 7485 (0 % )
CCU2D => 39
FD1P3AX => 4
FD1P3AY => 2
FD1P3IX => 27
FD1P3JX => 1
FD1S3AX => 1
FD1S3IX => 32
GSR => 1
IB => 3
LUT4 => 43
OB => 36
PFUMX => 2
################### End Area Report ##################

################### Begin BlackBox Report ######################
TSALL => 1
################### End BlackBox Report ##################

################### Begin Clock Report ######################
Clock Nets
Number of Clocks: 2
  Net : clk_c, loads : 63
  Net : clk_div/slow_clk, loads : 9
Clock Enable Nets
Number of Clock Enables: 5
Top 5 highest fanout Clock Enables:
  Net : clk_c_enable_30, loads : 26
  Net : semafor_state_0, loads : 15
  Net : clk_c_enable_26, loads : 4
  Net : slow_clk_enable_3, loads : 2
  Net : slow_clk_enable_2, loads : 1
Highest fanout non-clock nets
Top 10 highest fanout non-clock nets:
  Net : count_31__N_217, loads : 37
  Net : clk_c_enable_30, loads : 26
  Net : n2479, loads : 24
  Net : led_7_N_1_7, loads : 16
  Net : semafor_state_0, loads : 15
  Net : count_semafor_c_1, loads : 7
  Net : count_semafor_c_2, loads : 6
  Net : count_semafor_c_0, loads : 6
  Net : count_semafor_c_23, loads : 4
  Net : count_semafor_c_22, loads : 4
################### End Clock Report ##################

Timing Report Summary
--------------
--------------------------------------------------------------------------------
Constraint                              |   Constraint|       Actual|Levels
--------------------------------------------------------------------------------
                                        |             |             |
create_clock -period 5.000000 -name     |             |             |
clk1 [get_nets slow_clk]                |            -|            -|     0  
                                        |             |             |
create_clock -period 5.000000 -name     |             |             |
clk0 [get_nets clk_c]                   |  200.000 MHz|   98.001 MHz|     9 *
                                        |             |             |
--------------------------------------------------------------------------------


1 constraints not met.


Peak Memory Usage: 74.563  MB

--------------------------------------------------------------
Elapsed CPU time for LSE flow : 0.438  secs
--------------------------------------------------------------

map -a "MachXO3LF" -p LCMXO3LF-6900C -t CABGA256 -s 6 -oc Industrial   "counter_impl1.ngd" -o "counter_impl1_map.ncd" -pr "counter_impl1.prf" -mp "counter_impl1.mrp" -lpf "C:/Facultate anul 3/Proiect electronica digitala/semafor_variantaB/semafor/impl1/counter_impl1.lpf" -lpf "C:/Facultate anul 3/Proiect electronica digitala/semafor_variantaB/semafor/counter.lpf"  -c 0           
map:  version Diamond (64-bit) 3.13.0.56.2

Copyright (c) 1991-1994 by NeoCAD Inc. All rights reserved.
Copyright (c) 1995 AT&T Corp.   All rights reserved.
Copyright (c) 1995-2001 Lucent Technologies Inc.  All rights reserved.
Copyright (c) 2001 Agere Systems   All rights reserved.
Copyright (c) 2002-2023 Lattice Semiconductor Corporation,  All rights reserved.
   Process the file: counter_impl1.ngd
   Picdevice="LCMXO3LF-6900C"

   Pictype="CABGA256"

   Picspeed=6

   Remove unused logic

   Do not produce over sized NCDs.

Part used: LCMXO3LF-6900CCABGA256, Performance used: 6.

       <postMsg mid="1100679" type="Warning" dynamic="2" navigation="2" arg0="C:/Facultate anul 3/Proiect electronica digitala/semafor_variantaB/semafor/counter.lpf(20): Semantic error in &quot;LOCATE COMP &quot;dipsw[0]&quot; SITE &quot;N1&quot; ;&quot;: " arg1="dipsw[0]" arg2="C:/Facultate anul 3/Proiect electronica digitala/semafor_variantaB/semafor/counter.lpf" arg3="20"  />
    <postMsg mid="1100679" type="Warning" dynamic="2" navigation="2" arg0="C:/Facultate anul 3/Proiect electronica digitala/semafor_variantaB/semafor/counter.lpf(21): Semantic error in &quot;LOCATE COMP &quot;dipsw[1]&quot; SITE &quot;M3&quot; ;&quot;: " arg1="dipsw[1]" arg2="C:/Facultate anul 3/Proiect electronica digitala/semafor_variantaB/semafor/counter.lpf" arg3="21"  />
    <postMsg mid="1100679" type="Warning" dynamic="2" navigation="2" arg0="C:/Facultate anul 3/Proiect electronica digitala/semafor_variantaB/semafor/counter.lpf(22): Semantic error in &quot;LOCATE COMP &quot;dipsw[2]&quot; SITE &quot;P1&quot; ;&quot;: " arg1="dipsw[2]" arg2="C:/Facultate anul 3/Proiect electronica digitala/semafor_variantaB/semafor/counter.lpf" arg3="22"  />
    <postMsg mid="1100679" type="Warning" dynamic="2" navigation="2" arg0="C:/Facultate anul 3/Proiect electronica digitala/semafor_variantaB/semafor/counter.lpf(23): Semantic error in &quot;LOCATE COMP &quot;dipsw[3]&quot; SITE &quot;N2&quot; ;&quot;: " arg1="dipsw[3]" arg2="C:/Facultate anul 3/Proiect electronica digitala/semafor_variantaB/semafor/counter.lpf" arg3="23"  />
Loading device for application map from file 'xo3c6900.nph' in environment: C:/lscc/diamond/3.13/ispfpga.
Package Status:                     Final          Version 1.17.

Running general design DRC...

Removing unused logic...

Optimizing...




Design Summary:
   Number of registers:     67 out of  7485 (1%)
      PFU registers:           67 out of  6864 (1%)
      PIO registers:            0 out of   621 (0%)
   Number of SLICEs:        62 out of  3432 (2%)
      SLICEs as Logic/ROM:     62 out of  3432 (2%)
      SLICEs as RAM:            0 out of  2574 (0%)
      SLICEs as Carry:         39 out of  3432 (1%)
   Number of LUT4s:        123 out of  6864 (2%)
      Number used as logic LUTs:         45
      Number used as distributed RAM:     0
      Number used as ripple logic:       78
      Number used as shift registers:     0
   Number of PIO sites used: 39 + 4(JTAG) out of 207 (21%)
   Number of block RAMs:  0 out of 26 (0%)
   Number of GSRs:        1 out of 1 (100%)
   EFB used :        No
   JTAG used :       No
   Readback used :   No
   Oscillator used : No
   Startup used :    No
   POR :             On
   Bandgap :         On
   Number of Power Controller:  0 out of 1 (0%)
   Number of Dynamic Bank Controller (BCINRD):  0 out of 6 (0%)
   Number of Dynamic Bank Controller (BCLVDSO):  0 out of 1 (0%)
   Number of DCCA:  0 out of 8 (0%)
   Number of DCMA:  0 out of 2 (0%)
   Number of PLLs:  0 out of 2 (0%)
   Number of DQSDLLs:  0 out of 2 (0%)
   Number of CLKDIVC:  0 out of 4 (0%)
   Number of ECLKSYNCA:  0 out of 4 (0%)
   Number of ECLKBRIDGECS:  0 out of 2 (0%)
   Notes:-
      1. Total number of LUT4s = (Number of logic LUT4s) + 2*(Number of distributed RAMs) + 2*(Number of ripple logic)
      2. Number of logic LUT4s does not include count of distributed RAM and ripple logic.
   Number of clocks:  2
     Net clk_c: 36 loads, 36 rising, 0 falling (Driver: PIO clk )
     Net slow_clk: 4 loads, 4 rising, 0 falling (Driver: clk_div/clk_o_14 )
   Number of Clock Enables:  5
     Net semafor_state_0: 1 loads, 1 LSLICEs
     Net clk_c_enable_26: 3 loads, 3 LSLICEs
     Net slow_clk_enable_2: 1 loads, 1 LSLICEs
     Net clk_c_enable_30: 15 loads, 15 LSLICEs
     Net slow_clk_enable_3: 2 loads, 2 LSLICEs
   Number of LSRs:  6
     Net led_7_N_1_7: 1 loads, 1 LSLICEs
     Net n2902: 1 loads, 1 LSLICEs
     Net n2479: 13 loads, 13 LSLICEs
     Net n2948: 1 loads, 1 LSLICEs
     Net n3013: 1 loads, 1 LSLICEs
     Net count_31__N_217: 17 loads, 17 LSLICEs
   Number of nets driven by tri-state buffers:  0
   Top 10 highest fanout non-clock nets:
     Net count_31__N_217: 22 loads
     Net led_7_N_1_7: 17 loads
     Net clk_c_enable_30: 15 loads
     Net semafor_state_0: 15 loads
     Net n2479: 13 loads
     Net count_semafor_c_1: 7 loads
     Net count_semafor_c_0: 6 loads
     Net count_semafor_c_2: 6 loads
     Net count_semafor_c_10: 4 loads
     Net count_semafor_c_9: 4 loads
 

   Number of warnings:  4
   Number of errors:    0



Total CPU Time: 0 secs  
Total REAL Time: 0 secs  
Peak Memory Usage: 59 MB

Dumping design to file counter_impl1_map.ncd.

ncd2vdb "counter_impl1_map.ncd" ".vdbs/counter_impl1_map.vdb"

Loading device for application ncd2vdb from file 'xo3c6900.nph' in environment: C:/lscc/diamond/3.13/ispfpga.

trce -f "counter_impl1.mt" -o "counter_impl1.tw1" "counter_impl1_map.ncd" "counter_impl1.prf"
trce:  version Diamond (64-bit) 3.13.0.56.2

Copyright (c) 1991-1994 by NeoCAD Inc. All rights reserved.
Copyright (c) 1995 AT&T Corp.   All rights reserved.
Copyright (c) 1995-2001 Lucent Technologies Inc.  All rights reserved.
Copyright (c) 2001 Agere Systems   All rights reserved.
Copyright (c) 2002-2023 Lattice Semiconductor Corporation,  All rights reserved.

Loading design for application trce from file counter_impl1_map.ncd.
Design name: counter
NCD version: 3.3
Vendor:      LATTICE
Device:      LCMXO3LF-6900C
Package:     CABGA256
Performance: 6
Loading device for application trce from file 'xo3c6900.nph' in environment: C:/lscc/diamond/3.13/ispfpga.
Package Status:                     Final          Version 1.17.
Performance Hardware Data Status:   Final          Version 37.5.
Setup and Hold Report

--------------------------------------------------------------------------------
Lattice TRACE Report - Setup, Version Diamond (64-bit) 3.13.0.56.2
Tue Jan 14 12:15:44 2025

Copyright (c) 1991-1994 by NeoCAD Inc. All rights reserved.
Copyright (c) 1995 AT&T Corp.   All rights reserved.
Copyright (c) 1995-2001 Lucent Technologies Inc.  All rights reserved.
Copyright (c) 2001 Agere Systems   All rights reserved.
Copyright (c) 2002-2023 Lattice Semiconductor Corporation,  All rights reserved.

Report Information
------------------
Command line:    trce -v 1 -gt -mapchkpnt 0 -sethld -o counter_impl1.tw1 -gui -msgset C:/Facultate anul 3/Proiect electronica digitala/semafor_variantaB/semafor/promote.xml counter_impl1_map.ncd counter_impl1.prf 
Design file:     counter_impl1_map.ncd
Preference file: counter_impl1.prf
Device,speed:    LCMXO3LF-6900C,6
Report level:    verbose report, limited to 1 item per preference
--------------------------------------------------------------------------------

BLOCK ASYNCPATHS
BLOCK RESETPATHS
--------------------------------------------------------------------------------



Timing summary (Setup):
---------------

Timing errors: 0  Score: 0
Cumulative negative slack: 0

Constraints cover 3226 paths, 2 nets, and 407 connections (92.50% coverage)

--------------------------------------------------------------------------------
Lattice TRACE Report - Hold, Version Diamond (64-bit) 3.13.0.56.2
Tue Jan 14 12:15:44 2025

Copyright (c) 1991-1994 by NeoCAD Inc. All rights reserved.
Copyright (c) 1995 AT&T Corp.   All rights reserved.
Copyright (c) 1995-2001 Lucent Technologies Inc.  All rights reserved.
Copyright (c) 2001 Agere Systems   All rights reserved.
Copyright (c) 2002-2023 Lattice Semiconductor Corporation,  All rights reserved.

Report Information
------------------
Command line:    trce -v 1 -gt -mapchkpnt 0 -sethld -o counter_impl1.tw1 -gui -msgset C:/Facultate anul 3/Proiect electronica digitala/semafor_variantaB/semafor/promote.xml counter_impl1_map.ncd counter_impl1.prf 
Design file:     counter_impl1_map.ncd
Preference file: counter_impl1.prf
Device,speed:    LCMXO3LF-6900C,M
Report level:    verbose report, limited to 1 item per preference
--------------------------------------------------------------------------------

BLOCK ASYNCPATHS
BLOCK RESETPATHS
--------------------------------------------------------------------------------



Timing summary (Hold):
---------------

Timing errors: 0  Score: 0
Cumulative negative slack: 0

Constraints cover 3226 paths, 2 nets, and 407 connections (92.50% coverage)



Timing summary (Setup and Hold):
---------------

Timing errors: 0 (setup), 0 (hold)
Score: 0 (setup), 0 (hold)
Cumulative negative slack: 0 (0+0)
--------------------------------------------------------------------------------

--------------------------------------------------------------------------------

Total CPU Time: 0 secs 
Total REAL Time: 0 secs 
Peak Memory Usage: 67 MB


mpartrce -p "counter_impl1.p2t" -f "counter_impl1.p3t" -tf "counter_impl1.pt" "counter_impl1_map.ncd" "counter_impl1.ncd"

---- MParTrce Tool ----
Removing old design directory at request of -rem command line option to this program.
Running par. Please wait . . .

Lattice Place and Route Report for Design "counter_impl1_map.ncd"
Tue Jan 14 12:15:44 2025

PAR: Place And Route Diamond (64-bit) 3.13.0.56.2.
Command Line: par -w -l 5 -i 6 -t 1 -c 0 -e 0 -gui -msgset "C:/Facultate anul 3/Proiect electronica digitala/semafor_variantaB/semafor/promote.xml" -exp parUseNBR=1:parCDP=0:parCDR=0:parPathBased=OFF:parASE=1 counter_impl1_map.ncd counter_impl1.dir/5_1.ncd counter_impl1.prf
Preference file: counter_impl1.prf.
Placement level-cost: 5-1.
Routing Iterations: 6

Loading design for application par from file counter_impl1_map.ncd.
Design name: counter
NCD version: 3.3
Vendor:      LATTICE
Device:      LCMXO3LF-6900C
Package:     CABGA256
Performance: 6
Loading device for application par from file 'xo3c6900.nph' in environment: C:/lscc/diamond/3.13/ispfpga.
Package Status:                     Final          Version 1.17.
Performance Hardware Data Status:   Final          Version 37.5.
License checked out.


Ignore Preference Error(s):  True
Device utilization summary:

   PIO (prelim)   39+4(JTAG)/336     13% used
                  39+4(JTAG)/207     21% bonded

   SLICE             62/3432          1% used

   GSR                1/1           100% used


Number of Signals: 206
Number of Connections: 440

Pin Constraint Summary:
   11 out of 39 pins locked (28% locked).

The following 1 signal is selected to use the primary clock routing resources:
    clk_c (driver: clk, clk load #: 36)


The following 3 signals are selected to use the secondary clock routing resources:
    count_31__N_217 (driver: SLICE_52, clk load #: 0, sr load #: 17, ce load #: 0)
    clk_c_enable_30 (driver: SLICE_42, clk load #: 0, sr load #: 0, ce load #: 15)
    n2479 (driver: SLICE_47, clk load #: 0, sr load #: 13, ce load #: 0)

Signal rst_c is selected as Global Set/Reset.
.
Starting Placer Phase 0.
..............
Finished Placer Phase 0.  REAL time: 0 secs 

Starting Placer Phase 1.
....................
Placer score = 28099.
Finished Placer Phase 1.  REAL time: 7 secs 

Starting Placer Phase 2.
.
Placer score =  26932
Finished Placer Phase 2.  REAL time: 7 secs 


------------------ Clock Report ------------------

Global Clock Resources:
  CLK_PIN    : 1 out of 8 (12%)
  PLL        : 0 out of 2 (0%)
  DCM        : 0 out of 2 (0%)
  DCC        : 0 out of 8 (0%)

Global Clocks:
  PRIMARY "clk_c" from comp "clk" on CLK_PIN site "C8 (PT18A)", clk load = 36
  SECONDARY "count_31__N_217" from F1 on comp "SLICE_52" on site "R21C20C", clk load = 0, ce load = 0, sr load = 17
  SECONDARY "clk_c_enable_30" from F1 on comp "SLICE_42" on site "R21C18C", clk load = 0, ce load = 15, sr load = 0
  SECONDARY "n2479" from F1 on comp "SLICE_47" on site "R21C18D", clk load = 0, ce load = 0, sr load = 13

  PRIMARY  : 1 out of 8 (12%)
  SECONDARY: 3 out of 8 (37%)

Edge Clocks:
  No edge clock selected.

--------------- End of Clock Report ---------------


I/O Usage Summary (final):
   39 + 4(JTAG) out of 336 (12.8%) PIO sites used.
   39 + 4(JTAG) out of 207 (20.8%) bonded PIO sites used.
   Number of PIO comps: 39; differential: 0.
   Number of Vref pins used: 0.

I/O Bank Usage Summary:
+----------+----------------+------------+-----------+
| I/O Bank | Usage          | Bank Vccio | Bank Vref |
+----------+----------------+------------+-----------+
| 0        | 2 / 51 (  3%)  | 3.3V       | -         |
| 1        | 8 / 52 ( 15%)  | 2.5V       | -         |
| 2        | 25 / 52 ( 48%) | 2.5V       | -         |
| 3        | 4 / 16 ( 25%)  | 2.5V       | -         |
| 4        | 0 / 16 (  0%)  | -          | -         |
| 5        | 0 / 20 (  0%)  | -          | -         |
+----------+----------------+------------+-----------+

Total placer CPU time: 3 secs 

Dumping design to file counter_impl1.dir/5_1.ncd.

0 connections routed; 440 unrouted.
Starting router resource preassignment

    <postMsg mid="66011008" type="Warning" dynamic="1" navigation="0" arg0="&#xA;   Signal=slow_clk loads=9 clock_loads=4"  />

Completed router resource preassignment. Real time: 9 secs 

Start NBR router at 12:15:53 01/14/25

*****************************************************************
Info: NBR allows conflicts(one node used by more than one signal)
      in the earlier iterations. In each iteration, it tries to  
      solve the conflicts while keeping the critical connections 
      routed as short as possible. The routing process is said to
      be completed when no conflicts exist and all connections   
      are routed.                                                
Note: NBR uses a different method to calculate timing slacks. The
      worst slack and total negative slack may not be the same as
      that in TRCE report. You should always run TRCE to verify  
      your design.                                               
*****************************************************************

Start NBR special constraint process at 12:15:53 01/14/25

Start NBR section for initial routing at 12:15:53 01/14/25
Level 4, iteration 1
7(0.00%) conflicts; 0(0.00%) untouched conn; 0 (nbr) score; 
Estimated worst slack/total negative slack<setup>: 70.318ns/0.000ns; real time: 9 secs 

Info: Initial congestion level at 75% usage is 0
Info: Initial congestion area  at 75% usage is 0 (0.00%)

Start NBR section for normal routing at 12:15:53 01/14/25
Level 4, iteration 1
3(0.00%) conflicts; 0(0.00%) untouched conn; 0 (nbr) score; 
Estimated worst slack/total negative slack<setup>: 70.318ns/0.000ns; real time: 9 secs 
Level 4, iteration 2
0(0.00%) conflict; 0(0.00%) untouched conn; 0 (nbr) score; 
Estimated worst slack/total negative slack<setup>: 70.318ns/0.000ns; real time: 9 secs 

Start NBR section for setup/hold timing optimization with effort level 3 at 12:15:53 01/14/25
Level 4, iteration 0
Level 4, iteration 1
0(0.00%) conflict; 1(0.23%) untouched conn; 0 (nbr) score; 
Estimated worst slack/total negative slack<hold >: 0.115ns/0.000ns; real time: 10 secs 
Level 4, iteration 0
0(0.00%) conflict; 1(0.23%) untouched conn; 0 (nbr) score; 
Estimated worst slack/total negative slack<setup>: 70.298ns/0.000ns; real time: 10 secs 
Level 4, iteration 1
0(0.00%) conflict; 0(0.00%) untouched conn; 0 (nbr) score; 
Estimated worst slack/total negative slack<setup>: 70.298ns/0.000ns; real time: 10 secs 

Start NBR section for re-routing at 12:15:54 01/14/25
Level 4, iteration 1
0(0.00%) conflict; 0(0.00%) untouched conn; 0 (nbr) score; 
Estimated worst slack/total negative slack<setup>: 70.318ns/0.000ns; real time: 10 secs 

Start NBR section for post-routing at 12:15:54 01/14/25

End NBR router with 0 unrouted connection

NBR Summary
-----------
  Number of unrouted connections : 0 (0.00%)
  Number of connections with timing violations : 0 (0.00%)
  Estimated worst slack<setup> : 70.318ns
  Timing score<setup> : 0
-----------
Notes: The timing info is calculated for SETUP only and all PAR_ADJs are ignored.



    <postMsg mid="66011008" type="Warning" dynamic="1" navigation="0" arg0="&#xA;   Signal=slow_clk loads=9 clock_loads=4"  />

Total CPU time 4 secs 
Total REAL time: 10 secs 
Completely routed.
End of route.  440 routed (100.00%); 0 unrouted.

Hold time timing score: 0, hold timing errors: 0

Timing score: 0 

Dumping design to file counter_impl1.dir/5_1.ncd.


PAR_SUMMARY::Run status = Completed
PAR_SUMMARY::Number of unrouted conns = 0
PAR_SUMMARY::Worst  slack<setup/<ns>> = 70.318
PAR_SUMMARY::Timing score<setup/<ns>> = 0.000
PAR_SUMMARY::Worst  slack<hold /<ns>> = 0.120
PAR_SUMMARY::Timing score<hold /<ns>> = 0.000
PAR_SUMMARY::Number of errors = 0

Total CPU  time to completion: 4 secs 
Total REAL time to completion: 10 secs 

par done!

Note: user must run 'Trace' for timing closure signoff.

Copyright (c) 1991-1994 by NeoCAD Inc. All rights reserved.
Copyright (c) 1995 AT&T Corp.   All rights reserved.
Copyright (c) 1995-2001 Lucent Technologies Inc.  All rights reserved.
Copyright (c) 2001 Agere Systems   All rights reserved.
Copyright (c) 2002-2023 Lattice Semiconductor Corporation,  All rights reserved.
Exiting par with exit code 0
Exiting mpartrce with exit code 0

trce -f "counter_impl1.pt" -o "counter_impl1.twr" "counter_impl1.ncd" "counter_impl1.prf"
trce:  version Diamond (64-bit) 3.13.0.56.2

Copyright (c) 1991-1994 by NeoCAD Inc. All rights reserved.
Copyright (c) 1995 AT&T Corp.   All rights reserved.
Copyright (c) 1995-2001 Lucent Technologies Inc.  All rights reserved.
Copyright (c) 2001 Agere Systems   All rights reserved.
Copyright (c) 2002-2023 Lattice Semiconductor Corporation,  All rights reserved.

Loading design for application trce from file counter_impl1.ncd.
Design name: counter
NCD version: 3.3
Vendor:      LATTICE
Device:      LCMXO3LF-6900C
Package:     CABGA256
Performance: 6
Loading device for application trce from file 'xo3c6900.nph' in environment: C:/lscc/diamond/3.13/ispfpga.
Package Status:                     Final          Version 1.17.
Performance Hardware Data Status:   Final          Version 37.5.
Setup and Hold Report

--------------------------------------------------------------------------------
Lattice TRACE Report - Setup, Version Diamond (64-bit) 3.13.0.56.2
Tue Jan 14 12:15:55 2025

Copyright (c) 1991-1994 by NeoCAD Inc. All rights reserved.
Copyright (c) 1995 AT&T Corp.   All rights reserved.
Copyright (c) 1995-2001 Lucent Technologies Inc.  All rights reserved.
Copyright (c) 2001 Agere Systems   All rights reserved.
Copyright (c) 2002-2023 Lattice Semiconductor Corporation,  All rights reserved.

Report Information
------------------
Command line:    trce -v 10 -gt -sethld -sp 6 -sphld m -o counter_impl1.twr -gui -msgset C:/Facultate anul 3/Proiect electronica digitala/semafor_variantaB/semafor/promote.xml counter_impl1.ncd counter_impl1.prf 
Design file:     counter_impl1.ncd
Preference file: counter_impl1.prf
Device,speed:    LCMXO3LF-6900C,6
Report level:    verbose report, limited to 10 items per preference
--------------------------------------------------------------------------------

BLOCK ASYNCPATHS
BLOCK RESETPATHS
--------------------------------------------------------------------------------



Timing summary (Setup):
---------------

Timing errors: 0  Score: 0
Cumulative negative slack: 0

Constraints cover 3226 paths, 2 nets, and 407 connections (92.50% coverage)

--------------------------------------------------------------------------------
Lattice TRACE Report - Hold, Version Diamond (64-bit) 3.13.0.56.2
Tue Jan 14 12:15:55 2025

Copyright (c) 1991-1994 by NeoCAD Inc. All rights reserved.
Copyright (c) 1995 AT&T Corp.   All rights reserved.
Copyright (c) 1995-2001 Lucent Technologies Inc.  All rights reserved.
Copyright (c) 2001 Agere Systems   All rights reserved.
Copyright (c) 2002-2023 Lattice Semiconductor Corporation,  All rights reserved.

Report Information
------------------
Command line:    trce -v 10 -gt -sethld -sp 6 -sphld m -o counter_impl1.twr -gui -msgset C:/Facultate anul 3/Proiect electronica digitala/semafor_variantaB/semafor/promote.xml counter_impl1.ncd counter_impl1.prf 
Design file:     counter_impl1.ncd
Preference file: counter_impl1.prf
Device,speed:    LCMXO3LF-6900C,m
Report level:    verbose report, limited to 10 items per preference
--------------------------------------------------------------------------------

BLOCK ASYNCPATHS
BLOCK RESETPATHS
--------------------------------------------------------------------------------



Timing summary (Hold):
---------------

Timing errors: 0  Score: 0
Cumulative negative slack: 0

Constraints cover 3226 paths, 2 nets, and 407 connections (92.50% coverage)



Timing summary (Setup and Hold):
---------------

Timing errors: 0 (setup), 0 (hold)
Score: 0 (setup), 0 (hold)
Cumulative negative slack: 0 (0+0)
--------------------------------------------------------------------------------

--------------------------------------------------------------------------------

Total CPU Time: 0 secs 
Total REAL Time: 0 secs 
Peak Memory Usage: 67 MB


tmcheck -par "counter_impl1.par" 

bitgen -f "counter_impl1.t2b" -w "counter_impl1.ncd"  -jedec "counter_impl1.prf"


BITGEN: Bitstream Generator Diamond (64-bit) 3.13.0.56.2
Copyright (c) 1991-1994 by NeoCAD Inc. All rights reserved.
Copyright (c) 1995 AT&T Corp.   All rights reserved.
Copyright (c) 1995-2001 Lucent Technologies Inc.  All rights reserved.
Copyright (c) 2001 Agere Systems   All rights reserved.
Copyright (c) 2002-2023 Lattice Semiconductor Corporation,  All rights reserved.


Loading design for application Bitgen from file counter_impl1.ncd.
Design name: counter
NCD version: 3.3
Vendor:      LATTICE
Device:      LCMXO3LF-6900C
Package:     CABGA256
Performance: 6
Loading device for application Bitgen from file 'xo3c6900.nph' in environment: C:/lscc/diamond/3.13/ispfpga.
Package Status:                     Final          Version 1.17.
Performance Hardware Data Status:   Final          Version 37.5.

Running DRC.
DRC detected 0 errors and 0 warnings.
Reading Preference File from counter_impl1.prf.
    <postMsg mid="1009992" type="Info"    dynamic="1" navigation="0" arg0=" SW_XO3D_SECURITY_ENCRYPTION *NOT* controlled by xo3c00f.acd ###"  />
    <postMsg mid="1009992" type="Info"    dynamic="1" navigation="0" arg0=" SW_XO3D_SECURITY_ENCRYPTION license_securityIP OK"  />

Preference Summary:
+---------------------------------+---------------------------------+
|  Preference                     |  Current Setting                |
+---------------------------------+---------------------------------+
|                         RamCfg  |                        Reset**  |
+---------------------------------+---------------------------------+
|                     MCCLK_FREQ  |                         2.08**  |
+---------------------------------+---------------------------------+
|                  CONFIG_SECURE  |                          OFF**  |
+---------------------------------+---------------------------------+
|                          INBUF  |                           ON**  |
+---------------------------------+---------------------------------+
|                      JTAG_PORT  |                       ENABLE**  |
+---------------------------------+---------------------------------+
|                       SDM_PORT  |                      DISABLE**  |
+---------------------------------+---------------------------------+
|                 SLAVE_SPI_PORT  |                      DISABLE**  |
+---------------------------------+---------------------------------+
|                MASTER_SPI_PORT  |                      DISABLE**  |
+---------------------------------+---------------------------------+
|                       I2C_PORT  |                      DISABLE**  |
+---------------------------------+---------------------------------+
|        MUX_CONFIGURATION_PORTS  |                      DISABLE**  |
+---------------------------------+---------------------------------+
|                  CONFIGURATION  |                          CFG**  |
+---------------------------------+---------------------------------+
|                COMPRESS_CONFIG  |                           ON**  |
+---------------------------------+---------------------------------+
|                        MY_ASSP  |                          OFF**  |
+---------------------------------+---------------------------------+
|               ONE_TIME_PROGRAM  |                          OFF**  |
+---------------------------------+---------------------------------+
|                 ENABLE_TRANSFR  |                      DISABLE**  |
+---------------------------------+---------------------------------+
|                  SHAREDEBRINIT  |                      DISABLE**  |
+---------------------------------+---------------------------------+
|            BACKGROUND_RECONFIG  |                          OFF**  |
+---------------------------------+---------------------------------+
|                 DUALBOOTGOLDEN  |                     INTERNAL**  |
+---------------------------------+---------------------------------+
 *  Default setting.
 ** The specified setting matches the default setting.


Creating bit map...
 
Bitstream Status: Final           Version 1.95.
 
Saving bit stream in "counter_impl1.jed".
 
===========
UFM Summary.
===========
UFM Size:        2046 Pages (128*2046 Bits).
UFM Utilization: General Purpose Flash Memory.
 
Available General Purpose Flash Memory: 2046 Pages (Page 0 to Page 2045).
Initialized UFM Pages:                     0 Page.
 
=========
Padding summary
=========
Padded 1233280 bits for this design


Total CPU Time: 1 secs 
Total REAL Time: 2 secs 
Peak Memory Usage: 291 MB
